
============= MEMWATCH 2.71 Copyright (C) 1992-1999 Johan Lindh =============

Started at Sat Mar 28 10:56:57 2015

Modes: __STDC__ 64-bit mwDWORD==(unsigned int)
mwROUNDALLOC==8 sizeof(mwData)==56 mwDataSize==56


Stopped at Sat Mar 28 10:56:57 2015


Memory usage statistics (global):
 N)umber of allocations made: 2
 L)argest memory usage      : 67056
 T)otal of all alloc() calls: 67056
 U)nfreed bytes totals      : 0

============= MEMWATCH 2.71 Copyright (C) 1992-1999 Johan Lindh =============

Started at Sat Mar 28 10:58:22 2015

Modes: __STDC__ 64-bit mwDWORD==(unsigned int)
mwROUNDALLOC==8 sizeof(mwData)==56 mwDataSize==56

NULL free: <3> draw2.c(77), NULL pointer free'd
NULL free: <4> draw2.c(78), NULL pointer free'd

Stopped at Sat Mar 28 10:58:24 2015


Memory usage statistics (global):
 N)umber of allocations made: 2
 L)argest memory usage      : 67056
 T)otal of all alloc() calls: 67056
 U)nfreed bytes totals      : 0

============= MEMWATCH 2.71 Copyright (C) 1992-1999 Johan Lindh =============

Started at Sat Mar 28 10:59:04 2015

Modes: __STDC__ 64-bit mwDWORD==(unsigned int)
mwROUNDALLOC==8 sizeof(mwData)==56 mwDataSize==56


Stopped at Sat Mar 28 10:59:04 2015


Memory usage statistics (global):
 N)umber of allocations made: 6
 L)argest memory usage      : 67376
 T)otal of all alloc() calls: 67376
 U)nfreed bytes totals      : 0

============= MEMWATCH 2.71 Copyright (C) 1992-1999 Johan Lindh =============

Started at Sat Mar 28 10:59:35 2015

Modes: __STDC__ 64-bit mwDWORD==(unsigned int)
mwROUNDALLOC==8 sizeof(mwData)==56 mwDataSize==56


Stopped at Sat Mar 28 10:59:35 2015


Memory usage statistics (global):
 N)umber of allocations made: 6
 L)argest memory usage      : 67376
 T)otal of all alloc() calls: 67376
 U)nfreed bytes totals      : 0

============= MEMWATCH 2.71 Copyright (C) 1992-1999 Johan Lindh =============

Started at Sat Mar 28 11:00:38 2015

Modes: __STDC__ 64-bit mwDWORD==(unsigned int)
mwROUNDALLOC==8 sizeof(mwData)==56 mwDataSize==56


Stopped at Sat Mar 28 11:00:38 2015


Memory usage statistics (global):
 N)umber of allocations made: 6
 L)argest memory usage      : 67376
 T)otal of all alloc() calls: 67376
 U)nfreed bytes totals      : 0

============= MEMWATCH 2.71 Copyright (C) 1992-1999 Johan Lindh =============

Started at Sat Mar 28 11:00:54 2015

Modes: __STDC__ 64-bit mwDWORD==(unsigned int)
mwROUNDALLOC==8 sizeof(mwData)==56 mwDataSize==56


Stopped at Sat Mar 28 11:00:55 2015


Memory usage statistics (global):
 N)umber of allocations made: 6
 L)argest memory usage      : 67376
 T)otal of all alloc() calls: 67376
 U)nfreed bytes totals      : 0

============= MEMWATCH 2.71 Copyright (C) 1992-1999 Johan Lindh =============

Started at Sat Mar 28 11:01:18 2015

Modes: __STDC__ 64-bit mwDWORD==(unsigned int)
mwROUNDALLOC==8 sizeof(mwData)==56 mwDataSize==56


Stopped at Sat Mar 28 11:01:19 2015


Memory usage statistics (global):
 N)umber of allocations made: 6
 L)argest memory usage      : 67376
 T)otal of all alloc() calls: 67376
 U)nfreed bytes totals      : 0

============= MEMWATCH 2.71 Copyright (C) 1992-1999 Johan Lindh =============

Started at Sat Mar 28 11:01:44 2015

Modes: __STDC__ 64-bit mwDWORD==(unsigned int)
mwROUNDALLOC==8 sizeof(mwData)==56 mwDataSize==56


Stopped at Sat Mar 28 11:01:44 2015


Memory usage statistics (global):
 N)umber of allocations made: 6
 L)argest memory usage      : 67376
 T)otal of all alloc() calls: 67376
 U)nfreed bytes totals      : 0

============= MEMWATCH 2.71 Copyright (C) 1992-1999 Johan Lindh =============

Started at Sat Mar 28 11:05:18 2015

Modes: __STDC__ 64-bit mwDWORD==(unsigned int)
mwROUNDALLOC==8 sizeof(mwData)==56 mwDataSize==56


Stopped at Sat Mar 28 11:05:18 2015


Memory usage statistics (global):
 N)umber of allocations made: 6
 L)argest memory usage      : 67376
 T)otal of all alloc() calls: 67376
 U)nfreed bytes totals      : 0

============= MEMWATCH 2.71 Copyright (C) 1992-1999 Johan Lindh =============

Started at Sat Mar 28 11:10:47 2015

Modes: __STDC__ 64-bit mwDWORD==(unsigned int)
mwROUNDALLOC==8 sizeof(mwData)==56 mwDataSize==56


Stopped at Sat Mar 28 11:10:48 2015


Memory usage statistics (global):
 N)umber of allocations made: 6
 L)argest memory usage      : 67376
 T)otal of all alloc() calls: 67376
 U)nfreed bytes totals      : 0

============= MEMWATCH 2.71 Copyright (C) 1992-1999 Johan Lindh =============

Started at Sat Mar 28 11:13:06 2015

Modes: __STDC__ 64-bit mwDWORD==(unsigned int)
mwROUNDALLOC==8 sizeof(mwData)==56 mwDataSize==56


Stopped at Sat Mar 28 11:13:07 2015


Memory usage statistics (global):
 N)umber of allocations made: 6
 L)argest memory usage      : 67376
 T)otal of all alloc() calls: 67376
 U)nfreed bytes totals      : 0

============= MEMWATCH 2.71 Copyright (C) 1992-1999 Johan Lindh =============

Started at Sat Mar 28 11:14:05 2015

Modes: __STDC__ 64-bit mwDWORD==(unsigned int)
mwROUNDALLOC==8 sizeof(mwData)==56 mwDataSize==56


Stopped at Sat Mar 28 11:14:06 2015


Memory usage statistics (global):
 N)umber of allocations made: 6
 L)argest memory usage      : 67376
 T)otal of all alloc() calls: 67376
 U)nfreed bytes totals      : 0

============= MEMWATCH 2.71 Copyright (C) 1992-1999 Johan Lindh =============

Started at Sat Mar 28 11:14:40 2015

Modes: __STDC__ 64-bit mwDWORD==(unsigned int)
mwROUNDALLOC==8 sizeof(mwData)==56 mwDataSize==56


Stopped at Sat Mar 28 11:14:40 2015


Memory usage statistics (global):
 N)umber of allocations made: 6
 L)argest memory usage      : 67376
 T)otal of all alloc() calls: 67376
 U)nfreed bytes totals      : 0

============= MEMWATCH 2.71 Copyright (C) 1992-1999 Johan Lindh =============

Started at Sat Mar 28 11:16:11 2015

Modes: __STDC__ 64-bit mwDWORD==(unsigned int)
mwROUNDALLOC==8 sizeof(mwData)==56 mwDataSize==56


Stopped at Sat Mar 28 11:16:11 2015


Memory usage statistics (global):
 N)umber of allocations made: 6
 L)argest memory usage      : 67376
 T)otal of all alloc() calls: 67376
 U)nfreed bytes totals      : 0

============= MEMWATCH 2.71 Copyright (C) 1992-1999 Johan Lindh =============

Started at Mon Mar 30 17:17:37 2015

Modes: __STDC__ 64-bit mwDWORD==(unsigned int)
mwROUNDALLOC==8 sizeof(mwData)==56 mwDataSize==56


Stopped at Mon Mar 30 17:17:38 2015


Memory usage statistics (global):
 N)umber of allocations made: 4
 L)argest memory usage      : 67216
 T)otal of all alloc() calls: 67216
 U)nfreed bytes totals      : 0

============= MEMWATCH 2.71 Copyright (C) 1992-1999 Johan Lindh =============

Started at Mon Mar 30 17:18:26 2015

Modes: __STDC__ 64-bit mwDWORD==(unsigned int)
mwROUNDALLOC==8 sizeof(mwData)==56 mwDataSize==56


Stopped at Mon Mar 30 17:18:27 2015


Memory usage statistics (global):
 N)umber of allocations made: 4
 L)argest memory usage      : 67216
 T)otal of all alloc() calls: 67216
 U)nfreed bytes totals      : 0

============= MEMWATCH 2.71 Copyright (C) 1992-1999 Johan Lindh =============

Started at Mon Mar 30 17:18:47 2015

Modes: __STDC__ 64-bit mwDWORD==(unsigned int)
mwROUNDALLOC==8 sizeof(mwData)==56 mwDataSize==56


Stopped at Mon Mar 30 17:18:48 2015


Memory usage statistics (global):
 N)umber of allocations made: 4
 L)argest memory usage      : 67216
 T)otal of all alloc() calls: 67216
 U)nfreed bytes totals      : 0

============= MEMWATCH 2.71 Copyright (C) 1992-1999 Johan Lindh =============

Started at Mon Mar 30 17:19:32 2015

Modes: __STDC__ 64-bit mwDWORD==(unsigned int)
mwROUNDALLOC==8 sizeof(mwData)==56 mwDataSize==56


Stopped at Mon Mar 30 17:19:33 2015


Memory usage statistics (global):
 N)umber of allocations made: 6
 L)argest memory usage      : 67376
 T)otal of all alloc() calls: 67376
 U)nfreed bytes totals      : 0

============= MEMWATCH 2.71 Copyright (C) 1992-1999 Johan Lindh =============

Started at Mon Mar 30 17:22:29 2015

Modes: __STDC__ 64-bit mwDWORD==(unsigned int)
mwROUNDALLOC==8 sizeof(mwData)==56 mwDataSize==56


Stopped at Mon Mar 30 17:22:33 2015


Memory usage statistics (global):
 N)umber of allocations made: 6
 L)argest memory usage      : 67376
 T)otal of all alloc() calls: 67376
 U)nfreed bytes totals      : 0
